build/app/outputs/mapping/release/usage.txt
com.example.mobile_app_exam.R$layout
com.example.mobile_app_exam.R$string
com.example.mobile_app_exam.R$style
com.example.mobile_app_exam.R
com.example.mobile_app_exam.R$styleable
com.example.mobile_app_exam.R$id
com.example.mobile_app_exam.R$mipmap
com.example.mobile_app_exam.R$attr
com.example.mobile_app_exam.R$color
com.example.mobile_app_exam.R$integer
com.example.mobile_app_exam.BuildConfig
com.example.mobile_app_exam.R$dimen
com.example.mobile_app_exam.R$drawable
...
androidx.lifecycle.ViewModelStore:
    public void <init>()
    final void put(java.lang.String,androidx.lifecycle.ViewModel)
    final androidx.lifecycle.ViewModel get(java.lang.String)
    java.util.Set keys()
    private final java.util.HashMap mMap
kotlin.coroutines.jvm.internal.ContinuationImpl
kotlin.text.Regex$Serialized$Companion
androidx.core.graphics.TypefaceCompatBaseImpl
androidx.core.view.ViewCompat$NestedScrollType
io.flutter.embedding.engine.plugins.FlutterPlugin$FlutterAssets:
    public abstract java.lang.String getAssetFilePathByName(java.lang.String)
    public abstract java.lang.String getAssetFilePathByName(java.lang.String,java.lang.String)
    public abstract java.lang.String getAssetFilePathBySubpath(java.lang.String)
    public abstract java.lang.String getAssetFilePathBySubpath(java.lang.String,java.lang.String)
androidx.activity.OnBackPressedDispatcher:
    public void <init>()
    public void <init>(java.lang.Runnable)
    public void addCallback(androidx.activity.OnBackPressedCallback)
    public void addCallback(androidx.lifecycle.LifecycleOwner,androidx.activity.OnBackPressedCallback)
    public boolean hasEnabledCallbacks()
    private final java.lang.Runnable mFallbackOnBackPressed
    final java.util.ArrayDeque mOnBackPressedCallbacks
kotlin.ranges.URangesKt
androidx.annotation.IntDef
androidx.core.os.CancellationSignal$OnCancelListener
kotlin.ranges.LongRange
kotlin.annotation.AnnotationRetention
androidx.fragment.app.FragmentManagerImpl$1
androidx.loader.R$styleable
kotlin.sequences.SubSequence
androidx.core.view.KeyEventDispatcher
kotlin.collections.MapsKt
androidx.core.view.NestedScrollingChild3
io.flutter.BuildConfig
androidx.core.content.res.TypedArrayUtils
kotlin.NumbersKt__BigDecimalsKt
kotlin.collections.ArraysKt___ArraysKt
kotlin.UInt$Companion
kotlin.jvm.functions.Function3
androidx.fragment.app.FragmentContainer
androidx.fragment.app.FragmentTransitionImpl$2
android.support.v4.os.ResultReceiver
androidx.core.app.JobIntentService$JobWorkEnqueuer
androidx.arch.core.R
kotlin.coroutines.experimental.jvm.internal.CoroutineIntrinsics
androidx.core.graphics.drawable.RoundedBitmapDrawableFactory
androidx.core.content.pm.ShortcutManagerCompat
androidx.lifecycle.LifecycleRegistry:
    private androidx.lifecycle.Lifecycle$State calculateTargetState(androidx.lifecycle.LifecycleObserver)
    public void markState(androidx.lifecycle.Lifecycle$State)
    public void setCurrentState(androidx.lifecycle.Lifecycle$State)
    public void addObserver(androidx.lifecycle.LifecycleObserver)
    public int getObserverCount()
io.flutter.embedding.engine.systemchannels.KeyEventChannel$FlutterKeyEvent:
    public void <init>(android.view.KeyEvent)
androidx.fragment.app.FragmentManagerImpl$OpGenerator
kotlin.reflect.KMutableProperty1$Setter
androidx.core.widget.ScrollerCompat
kotlin.coroutines.experimental.migration.ExperimentalSuspendFunction0Migration
androidx.fragment.app.FragmentHostCallback
androidx.core.provider.FontsContractCompat$4$7
kotlin.text.MatchResult$Destructured
androidx.fragment.app.FragmentTransaction
androidx.core.app.AppComponentFactory
androidx.core.view.TintableBackgroundView
kotlin.sequences.FilteringSequence
androidx.core.app.NotificationCompatExtras
kotlin.collections.CollectionsKt__IterablesKt$Iterable$1
androidx.core.app.ActivityCompat$RequestPermissionsRequestCodeValidator
androidx.lifecycle.ViewModelProvider$Factory
androidx.core.R$attr
androidx.annotation.ColorRes
androidx.core.content.res.GrowingArrayUtils
kotlin.contracts.InvocationKind
kotlin.jvm.internal.ArrayIterator